  GameManager.cpp
D:\Users\Desktop\I'm a folder\Study\Other repository\PaniniCardGame\PaniniGame\Useful.hpp(89,19): warning C4244: 'argument' : conversion de 'time_t' en 'unsigned int', perte possible de données
D:\Users\Desktop\I'm a folder\Study\Other repository\PaniniCardGame\PaniniGame\GameManager.cpp(34,41): warning C4244: 'argument' : conversion de 'T' en 'T', perte possible de données
          with
          [
              T=int
          ]
          and
          [
              T=float
          ]
D:\Users\Desktop\I'm a folder\Study\Other repository\PaniniCardGame\PaniniGame\GameManager.cpp(34,36): warning C4244: 'argument' : conversion de 'T' en 'T', perte possible de données
          with
          [
              T=int
          ]
          and
          [
              T=float
          ]
  Génération de code en cours
  5 of 62 functions ( 8.1%) were compiled, the rest were copied from previous compilation.
    0 functions were new in current compilation
    1 functions had inline decision re-evaluated but remain unchanged
  Fin de la génération du code
  PaniniGame.vcxproj -> D:\Users\Desktop\I'm a folder\Study\Other repository\PaniniCardGame\PaniniGame\x64\Release\PaniniGame.exe
