  Card.cpp
D:\Users\Desktop\im_a_folder\Study\Other_repository\PaniniCardGame\Useful.hpp(89,19): warning C4244: 'argument' : conversion de 'time_t' en 'unsigned int', perte possible de données
D:\Users\Desktop\im_a_folder\Study\Other_repository\PaniniCardGame\Card.hpp(15,12): warning C4305: 'argument' : troncation de 'double' à 'T'
          with
          [
              T=float
          ]
D:\Users\Desktop\im_a_folder\Study\Other_repository\PaniniCardGame\Card.hpp(16,12): warning C4305: 'argument' : troncation de 'double' à 'T'
          with
          [
              T=float
          ]
D:\Users\Desktop\im_a_folder\Study\Other_repository\PaniniCardGame\Card.hpp(17,12): warning C4305: 'argument' : troncation de 'double' à 'T'
          with
          [
              T=float
          ]
D:\Users\Desktop\im_a_folder\Study\Other_repository\PaniniCardGame\Card.hpp(18,12): warning C4305: 'argument' : troncation de 'double' à 'T'
          with
          [
              T=float
          ]
D:\Users\Desktop\im_a_folder\Study\Other_repository\PaniniCardGame\Card.hpp(20,12): warning C4305: 'argument' : troncation de 'double' à 'T'
          with
          [
              T=float
          ]
D:\Users\Desktop\im_a_folder\Study\Other_repository\PaniniCardGame\Deck.hpp(26,20): warning C4267: 'return' : conversion de 'size_t' en 'int', perte possible de données
D:\Users\Desktop\im_a_folder\Study\Other_repository\PaniniCardGame\Card.cpp(180,2): warning C4267: 'initialisation' : conversion de 'size_t' en 'int', perte possible de données
D:\Users\Desktop\im_a_folder\Study\Other_repository\PaniniCardGame\Card.cpp(193,2): warning C4267: 'initialisation' : conversion de 'size_t' en 'int', perte possible de données
D:\Users\Desktop\im_a_folder\Study\Other_repository\PaniniCardGame\Card.cpp(348,55): warning C4305: 'argument' : troncation de 'double' à 'float'
D:\Users\Desktop\im_a_folder\Study\Other_repository\PaniniCardGame\Card.cpp(356,62): warning C4305: 'argument' : troncation de 'double' à 'float'
D:\Users\Desktop\im_a_folder\Study\Other_repository\PaniniCardGame\Card.cpp(388,99): warning C4244: 'argument' : conversion de 'double' en 'T', perte possible de données
          with
          [
              T=float
          ]
D:\Users\Desktop\im_a_folder\Study\Other_repository\PaniniCardGame\Card.cpp(388,65): warning C4244: 'argument' : conversion de 'double' en 'T', perte possible de données
          with
          [
              T=float
          ]
D:\Users\Desktop\im_a_folder\Study\Other_repository\PaniniCardGame\Card.cpp(397,100): warning C4244: 'argument' : conversion de 'double' en 'float', perte possible de données
D:\Users\Desktop\im_a_folder\Study\Other_repository\PaniniCardGame\Card.cpp(397,60): warning C4244: 'argument' : conversion de 'double' en 'float', perte possible de données
D:\Users\Desktop\im_a_folder\Study\Other_repository\PaniniCardGame\Card.cpp(401,118): warning C4244: 'argument' : conversion de 'double' en 'float', perte possible de données
D:\Users\Desktop\im_a_folder\Study\Other_repository\PaniniCardGame\Card.cpp(401,72): warning C4244: 'argument' : conversion de 'double' en 'float', perte possible de données
  PaniniCardGame.vcxproj -> D:\Users\Desktop\im_a_folder\Study\Other_repository\PaniniCardGame\x64\Debug\PaniniCardGame.exe
