  Board.cpp
D:\Users\Desktop\im_a_folder\Study\Other_repository\PaniniCardGame\Useful.hpp(89,19): warning C4244: 'argument' : conversion de 'time_t' en 'unsigned int', perte possible de données
D:\Users\Desktop\im_a_folder\Study\Other_repository\PaniniCardGame\Card.hpp(15,12): warning C4305: 'argument' : troncation de 'double' à 'T'
          with
          [
              T=float
          ]
D:\Users\Desktop\im_a_folder\Study\Other_repository\PaniniCardGame\Card.hpp(16,12): warning C4305: 'argument' : troncation de 'double' à 'T'
          with
          [
              T=float
          ]
D:\Users\Desktop\im_a_folder\Study\Other_repository\PaniniCardGame\Card.hpp(17,12): warning C4305: 'argument' : troncation de 'double' à 'T'
          with
          [
              T=float
          ]
D:\Users\Desktop\im_a_folder\Study\Other_repository\PaniniCardGame\Card.hpp(18,12): warning C4305: 'argument' : troncation de 'double' à 'T'
          with
          [
              T=float
          ]
D:\Users\Desktop\im_a_folder\Study\Other_repository\PaniniCardGame\Card.hpp(20,12): warning C4305: 'argument' : troncation de 'double' à 'T'
          with
          [
              T=float
          ]
D:\Users\Desktop\im_a_folder\Study\Other_repository\PaniniCardGame\Deck.hpp(26,20): warning C4267: 'return' : conversion de 'size_t' en 'int', perte possible de données
  Card.cpp
D:\Users\Desktop\im_a_folder\Study\Other_repository\PaniniCardGame\Useful.hpp(89,19): warning C4244: 'argument' : conversion de 'time_t' en 'unsigned int', perte possible de données
D:\Users\Desktop\im_a_folder\Study\Other_repository\PaniniCardGame\Card.hpp(15,12): warning C4305: 'argument' : troncation de 'double' à 'T'
          with
          [
              T=float
          ]
D:\Users\Desktop\im_a_folder\Study\Other_repository\PaniniCardGame\Card.hpp(16,12): warning C4305: 'argument' : troncation de 'double' à 'T'
          with
          [
              T=float
          ]
D:\Users\Desktop\im_a_folder\Study\Other_repository\PaniniCardGame\Card.hpp(17,12): warning C4305: 'argument' : troncation de 'double' à 'T'
          with
          [
              T=float
          ]
D:\Users\Desktop\im_a_folder\Study\Other_repository\PaniniCardGame\Card.hpp(18,12): warning C4305: 'argument' : troncation de 'double' à 'T'
          with
          [
              T=float
          ]
D:\Users\Desktop\im_a_folder\Study\Other_repository\PaniniCardGame\Card.hpp(20,12): warning C4305: 'argument' : troncation de 'double' à 'T'
          with
          [
              T=float
          ]
D:\Users\Desktop\im_a_folder\Study\Other_repository\PaniniCardGame\Deck.hpp(26,20): warning C4267: 'return' : conversion de 'size_t' en 'int', perte possible de données
D:\Users\Desktop\im_a_folder\Study\Other_repository\PaniniCardGame\Card.cpp(180,2): warning C4267: 'initialisation' : conversion de 'size_t' en 'int', perte possible de données
D:\Users\Desktop\im_a_folder\Study\Other_repository\PaniniCardGame\Card.cpp(193,2): warning C4267: 'initialisation' : conversion de 'size_t' en 'int', perte possible de données
D:\Users\Desktop\im_a_folder\Study\Other_repository\PaniniCardGame\Card.cpp(352,55): warning C4305: 'argument' : troncation de 'double' à 'float'
D:\Users\Desktop\im_a_folder\Study\Other_repository\PaniniCardGame\Card.cpp(360,62): warning C4305: 'argument' : troncation de 'double' à 'float'
D:\Users\Desktop\im_a_folder\Study\Other_repository\PaniniCardGame\Card.cpp(392,99): warning C4244: 'argument' : conversion de 'double' en 'T', perte possible de données
          with
          [
              T=float
          ]
D:\Users\Desktop\im_a_folder\Study\Other_repository\PaniniCardGame\Card.cpp(392,65): warning C4244: 'argument' : conversion de 'double' en 'T', perte possible de données
          with
          [
              T=float
          ]
D:\Users\Desktop\im_a_folder\Study\Other_repository\PaniniCardGame\Card.cpp(401,100): warning C4244: 'argument' : conversion de 'double' en 'float', perte possible de données
D:\Users\Desktop\im_a_folder\Study\Other_repository\PaniniCardGame\Card.cpp(401,60): warning C4244: 'argument' : conversion de 'double' en 'float', perte possible de données
D:\Users\Desktop\im_a_folder\Study\Other_repository\PaniniCardGame\Card.cpp(405,118): warning C4244: 'argument' : conversion de 'double' en 'float', perte possible de données
D:\Users\Desktop\im_a_folder\Study\Other_repository\PaniniCardGame\Card.cpp(405,72): warning C4244: 'argument' : conversion de 'double' en 'float', perte possible de données
  Deck.cpp
D:\Users\Desktop\im_a_folder\Study\Other_repository\PaniniCardGame\Useful.hpp(89,19): warning C4244: 'argument' : conversion de 'time_t' en 'unsigned int', perte possible de données
D:\Users\Desktop\im_a_folder\Study\Other_repository\PaniniCardGame\Card.hpp(15,12): warning C4305: 'argument' : troncation de 'double' à 'T'
          with
          [
              T=float
          ]
D:\Users\Desktop\im_a_folder\Study\Other_repository\PaniniCardGame\Card.hpp(16,12): warning C4305: 'argument' : troncation de 'double' à 'T'
          with
          [
              T=float
          ]
D:\Users\Desktop\im_a_folder\Study\Other_repository\PaniniCardGame\Card.hpp(17,12): warning C4305: 'argument' : troncation de 'double' à 'T'
          with
          [
              T=float
          ]
D:\Users\Desktop\im_a_folder\Study\Other_repository\PaniniCardGame\Card.hpp(18,12): warning C4305: 'argument' : troncation de 'double' à 'T'
          with
          [
              T=float
          ]
D:\Users\Desktop\im_a_folder\Study\Other_repository\PaniniCardGame\Card.hpp(20,12): warning C4305: 'argument' : troncation de 'double' à 'T'
          with
          [
              T=float
          ]
D:\Users\Desktop\im_a_folder\Study\Other_repository\PaniniCardGame\Deck.hpp(26,20): warning C4267: 'return' : conversion de 'size_t' en 'int', perte possible de données
D:\Users\Desktop\im_a_folder\Study\Other_repository\PaniniCardGame\Deck.cpp(57,5): warning C4267: 'initialisation' : conversion de 'size_t' en 'int', perte possible de données
  EventManager.cpp
D:\Users\Desktop\im_a_folder\Study\Other_repository\PaniniCardGame\Useful.hpp(89,19): warning C4244: 'argument' : conversion de 'time_t' en 'unsigned int', perte possible de données
D:\Users\Desktop\im_a_folder\Study\Other_repository\PaniniCardGame\Card.hpp(15,12): warning C4305: 'argument' : troncation de 'double' à 'T'
          with
          [
              T=float
          ]
D:\Users\Desktop\im_a_folder\Study\Other_repository\PaniniCardGame\Card.hpp(16,12): warning C4305: 'argument' : troncation de 'double' à 'T'
          with
          [
              T=float
          ]
D:\Users\Desktop\im_a_folder\Study\Other_repository\PaniniCardGame\Card.hpp(17,12): warning C4305: 'argument' : troncation de 'double' à 'T'
          with
          [
              T=float
          ]
D:\Users\Desktop\im_a_folder\Study\Other_repository\PaniniCardGame\Card.hpp(18,12): warning C4305: 'argument' : troncation de 'double' à 'T'
          with
          [
              T=float
          ]
D:\Users\Desktop\im_a_folder\Study\Other_repository\PaniniCardGame\Card.hpp(20,12): warning C4305: 'argument' : troncation de 'double' à 'T'
          with
          [
              T=float
          ]
D:\Users\Desktop\im_a_folder\Study\Other_repository\PaniniCardGame\Deck.hpp(26,20): warning C4267: 'return' : conversion de 'size_t' en 'int', perte possible de données
  GameManager.cpp
D:\Users\Desktop\im_a_folder\Study\Other_repository\PaniniCardGame\Useful.hpp(89,19): warning C4244: 'argument' : conversion de 'time_t' en 'unsigned int', perte possible de données
D:\Users\Desktop\im_a_folder\Study\Other_repository\PaniniCardGame\Card.hpp(15,12): warning C4305: 'argument' : troncation de 'double' à 'T'
          with
          [
              T=float
          ]
D:\Users\Desktop\im_a_folder\Study\Other_repository\PaniniCardGame\Card.hpp(16,12): warning C4305: 'argument' : troncation de 'double' à 'T'
          with
          [
              T=float
          ]
D:\Users\Desktop\im_a_folder\Study\Other_repository\PaniniCardGame\Card.hpp(17,12): warning C4305: 'argument' : troncation de 'double' à 'T'
          with
          [
              T=float
          ]
D:\Users\Desktop\im_a_folder\Study\Other_repository\PaniniCardGame\Card.hpp(18,12): warning C4305: 'argument' : troncation de 'double' à 'T'
          with
          [
              T=float
          ]
D:\Users\Desktop\im_a_folder\Study\Other_repository\PaniniCardGame\Card.hpp(20,12): warning C4305: 'argument' : troncation de 'double' à 'T'
          with
          [
              T=float
          ]
D:\Users\Desktop\im_a_folder\Study\Other_repository\PaniniCardGame\Deck.hpp(26,20): warning C4267: 'return' : conversion de 'size_t' en 'int', perte possible de données
D:\Users\Desktop\im_a_folder\Study\Other_repository\PaniniCardGame\GameManager.cpp(48,70): warning C4244: 'argument' : conversion de 'T' en 'T', perte possible de données
          with
          [
              T=unsigned int
          ]
          and
          [
              T=float
          ]
D:\Users\Desktop\im_a_folder\Study\Other_repository\PaniniCardGame\GameManager.cpp(48,50): warning C4244: 'argument' : conversion de 'T' en 'T', perte possible de données
          with
          [
              T=unsigned int
          ]
          and
          [
              T=float
          ]
  Hand.cpp
D:\Users\Desktop\im_a_folder\Study\Other_repository\PaniniCardGame\Useful.hpp(89,19): warning C4244: 'argument' : conversion de 'time_t' en 'unsigned int', perte possible de données
D:\Users\Desktop\im_a_folder\Study\Other_repository\PaniniCardGame\Card.hpp(15,12): warning C4305: 'argument' : troncation de 'double' à 'T'
          with
          [
              T=float
          ]
D:\Users\Desktop\im_a_folder\Study\Other_repository\PaniniCardGame\Card.hpp(16,12): warning C4305: 'argument' : troncation de 'double' à 'T'
          with
          [
              T=float
          ]
D:\Users\Desktop\im_a_folder\Study\Other_repository\PaniniCardGame\Card.hpp(17,12): warning C4305: 'argument' : troncation de 'double' à 'T'
          with
          [
              T=float
          ]
D:\Users\Desktop\im_a_folder\Study\Other_repository\PaniniCardGame\Card.hpp(18,12): warning C4305: 'argument' : troncation de 'double' à 'T'
          with
          [
              T=float
          ]
D:\Users\Desktop\im_a_folder\Study\Other_repository\PaniniCardGame\Card.hpp(20,12): warning C4305: 'argument' : troncation de 'double' à 'T'
          with
          [
              T=float
          ]
D:\Users\Desktop\im_a_folder\Study\Other_repository\PaniniCardGame\Deck.hpp(26,20): warning C4267: 'return' : conversion de 'size_t' en 'int', perte possible de données
  Player.cpp
D:\Users\Desktop\im_a_folder\Study\Other_repository\PaniniCardGame\Useful.hpp(89,19): warning C4244: 'argument' : conversion de 'time_t' en 'unsigned int', perte possible de données
D:\Users\Desktop\im_a_folder\Study\Other_repository\PaniniCardGame\Card.hpp(15,12): warning C4305: 'argument' : troncation de 'double' à 'T'
          with
          [
              T=float
          ]
D:\Users\Desktop\im_a_folder\Study\Other_repository\PaniniCardGame\Card.hpp(16,12): warning C4305: 'argument' : troncation de 'double' à 'T'
          with
          [
              T=float
          ]
D:\Users\Desktop\im_a_folder\Study\Other_repository\PaniniCardGame\Card.hpp(17,12): warning C4305: 'argument' : troncation de 'double' à 'T'
          with
          [
              T=float
          ]
D:\Users\Desktop\im_a_folder\Study\Other_repository\PaniniCardGame\Card.hpp(18,12): warning C4305: 'argument' : troncation de 'double' à 'T'
          with
          [
              T=float
          ]
D:\Users\Desktop\im_a_folder\Study\Other_repository\PaniniCardGame\Card.hpp(20,12): warning C4305: 'argument' : troncation de 'double' à 'T'
          with
          [
              T=float
          ]
D:\Users\Desktop\im_a_folder\Study\Other_repository\PaniniCardGame\Deck.hpp(26,20): warning C4267: 'return' : conversion de 'size_t' en 'int', perte possible de données
D:\Users\Desktop\im_a_folder\Study\Other_repository\PaniniCardGame\Player.cpp(148,99): warning C4244: 'argument' : conversion de 'double' en 'float', perte possible de données
D:\Users\Desktop\im_a_folder\Study\Other_repository\PaniniCardGame\Player.cpp(148,59): warning C4244: 'argument' : conversion de 'double' en 'float', perte possible de données
  Génération de code en cours...
  PaniniCardGame.vcxproj -> D:\Users\Desktop\im_a_folder\Study\Other_repository\PaniniCardGame\x64\Debug\PaniniCardGame.exe
